TN:
SF:nrt_threads_utils\threads_pool_manager.py
DA:1,1,Nf/dQDXNBO4gl+IkH/yMhw
DA:2,1,gRHjawkciFUavd6j4zLvOw
DA:3,1,Y3AquvzMWLUHMVKURoySRw
DA:4,1,jEc91tz0B1b2beSYnS+UDQ
DA:6,1,zUJFLx9Jga1QIpHvPJzb/g
DA:7,1,Bj8VTUf3RI+MdO2m5NNyJg
DA:8,1,az+eo3MsNk0YHol3B37mAA
DA:11,1,I+zuZS8rDoUHF+dLiuQ2Sw
DA:12,1,PdeqDqr4bOft68ON3+/7kg
DA:15,1,HE8zLK6e0eOjTovx1ZqAzw
DA:16,1,K691rIKMDsBPZHTO3LKrEw
DA:17,1,OKms3mzyIsLKnLPzKDwURw
DA:20,1,GAhTGcVvzMfOE4Lg8HoNuQ
DA:21,1,af1oiizsP54Q8ii45gzB4A
DA:22,1,J2zZQYhmk3yPPQX6fbCKPg
DA:23,1,G5NIcuEiNDnnJka/IhU6+A
DA:26,1,lIP9V2NsI5DqHLTHeFiMlw
DA:27,1,v8QLoya1qSYZdpGr0/M8Ag
DA:28,1,3nt6d5d2FN6GddBjr7Q5fw
DA:30,1,gFdnwIzxJ64X+nD2UauP7A
DA:31,1,fLhWHiCZzDy83hcH5LXTsg
DA:32,1,HmpJe2X+FFcLL1W+msyt9g
DA:34,1,HmADa1g/W1C2Vo9Wm4sNNA
DA:35,1,Gyk9c61EYv30Aw86asQRpA
DA:36,1,Zv+SuHA/OPpRDaVxfSxQXw
DA:37,1,AfKTL7yuoZRRGPW/aoSh8A
DA:39,1,6rgBhtkd42TFIDwa61jENA
DA:41,1,HmADa1g/W1C2Vo9Wm4sNNA
DA:42,1,H3gJ7XStJSNsDFs3nJQtHw
DA:43,1,9/Pi1mABRHRhkYdK92OFOQ
DA:45,1,tKjWj2Urdh2MTrND09FmdA
DA:46,1,ipp3mHYridyebWUN8iNG1A
DA:47,1,uYUWNECN1xQj3wOuAUjTQQ
DA:49,1,HmADa1g/W1C2Vo9Wm4sNNA
DA:50,1,uismCvMypoRo9WapE1aXIQ
DA:51,1,6mqdwzLqIaG5X1ol1FpgIg
DA:53,1,Kp0JYTYk0hxa/DsF8pGJQQ
DA:54,1,3c/mLYqfuKMo1q2lOqtIGA
DA:55,1,S4f2NRK8OF2FtnAgo/6orQ
DA:57,1,XoVUOkRyu3PGO4dLV1agZw
DA:58,1,ZKB2auhudShZLqzy3jSYiA
DA:62,1,6/uQqVrDc9VYN/WSG9oomA
DA:63,1,r/bSvlbO6efqCF0cF/LFvw
DA:65,1,7dcOKUC1GzTz+U/Cj+D2hg
DA:66,1,WOwJxA6R7uUewE816b2YBA
DA:68,1,x8FUjk1/uRAevMaUEHvNjw
DA:70,1,ZKB2auhudShZLqzy3jSYiA
DA:71,1,NKSj7upZvaYHiNOrIZOmXQ
DA:72,1,JiIb9W1RtSGlQf2t5GbrEg
DA:74,1,HmADa1g/W1C2Vo9Wm4sNNA
DA:75,1,kmBE0iueo0VfZXIBe7HtQg
DA:76,1,W7ys2Zh6J3h/vlG204vHJA
DA:79,1,5adkIkjzx3A1LKVNHCFDDA
DA:80,1,w1J3Tkxoc+AJcMcHdtNpAg
DA:81,1,WBbV9MOvA62a/mJVc/kl6g
DA:82,1,GTfn9DUbea5hEBn5iWr50A
DA:84,1,g77BB7/9u/f/WfDAxCypmQ
DA:85,1,WOwJxA6R7uUewE816b2YBA
DA:87,1,x8FUjk1/uRAevMaUEHvNjw
DA:88,1,4jZuiP3+UOeza8gai0nayg
DA:89,1,Ey7UIXsbPPW79t+pPMq8jA
DA:91,1,ZKB2auhudShZLqzy3jSYiA
DA:92,1,I8iTpUpD/bZgA1LqrN8bgw
DA:95,1,aBUKdgx67WiwtSE40hNfGA
DA:96,1,JOjw3T7i0c79Vgb8Vj4OEQ
DA:97,1,eFAQXycw7chXqOBM4GV6YQ
DA:98,1,kvcx6FihTJI9KBM8CYIIxg
DA:99,1,dnarh7FLpUnQb5Nz2BHZhQ
DA:101,1,4LgMgWBGno1n5MNJ8WRFsQ
DA:107,1,WOwJxA6R7uUewE816b2YBA
DA:109,1,x8FUjk1/uRAevMaUEHvNjw
DA:110,1,CFcE7a0RcidipJNpylvQ/w
DA:111,1,uTKURgLuzu98HBOBa6pc/g
DA:113,1,YbuKLXfOfK889Jve4fdLkQ
DA:114,1,jzuMEk5PCQKHlNy5W2A/Ew
DA:115,1,rtWOiS5+q8TieG1ybrqd0g
DA:117,1,HmADa1g/W1C2Vo9Wm4sNNA
DA:118,1,z7IejNJY7GbXPqIS9UNnog
DA:119,1,CKGPPJT14xV2OH1YDIZqDw
DA:121,1,uvN4HsZWzZqxAIKxFgX/sQ
DA:122,1,A+h8Og1Da2WMuafif6GUig
DA:123,1,aM7xLtAz1TgjRps/BwkGEA
DA:125,1,HmADa1g/W1C2Vo9Wm4sNNA
DA:126,1,egqjgT/6ACFYdtGrfmaz2A
DA:127,1,PxNoIuJ1HcikiLyjW5Zqog
DA:129,1,HmADa1g/W1C2Vo9Wm4sNNA
DA:130,1,+EMdnrFgWZmW+Z8rK4PVNg
DA:131,1,W7ys2Zh6J3h/vlG204vHJA
DA:133,1,HmADa1g/W1C2Vo9Wm4sNNA
DA:134,1,jIJlq7mMVbAhdTnbcvZ6pw
DA:135,1,RjjZmLJC1uq+yKMZVJ0RXg
DA:138,1,FplpK1rgb74fimbVCxqmJg
DA:139,1,UnUvgYmCABDzyF7rWwRQkQ
DA:141,1,FXiwO06UwOuZrepC7Lf3XA
DA:142,1,ve9qI6Q8oPC3s/pi49mWEg
DA:143,1,mJu46tPbncvzb4GdYoBgPQ
DA:144,1,tnRiljc2U/rofOgZIbA+3Q
DA:145,1,InGYdOOz8/Wh3Qpu/gY+2Q
DA:146,1,dalud8JFfzwDrSrWp5Ztug
DA:147,1,C7BDf3jxuDOqHTVK/L74Jg
DA:149,1,iCVkcIH6FSytQxqgwHEGRg
DA:151,1,8KBgPBEUMW/q6j9ZwEeDuA
DA:152,1,qUlRNMNoX2ih1FuOMVtaSQ
DA:154,1,FUeEbOozWzelGeFZmaTgtA
DA:156,1,5eJdxxwYbJWHKjaaW26LAg
DA:158,1,UBTefIZHN7rsx7Po06dDWg
DA:159,1,WOwJxA6R7uUewE816b2YBA
DA:161,1,vxRL/cmHlryyidNA4hRa7g
DA:162,1,2QBNyUkEBEJMSiDCTCw8Uw
DA:163,1,XcoXFrp22uVy1uDVcakK9A
DA:164,1,qc95l1VEMKWBn7ChhoLHPQ
DA:166,1,y4vNmCfJJFC59u2Mtht0rQ
DA:173,1,y8ywsl44h8/LdalA3ESZNg
DA:179,1,XlATSSUwLZc5UvEVDPCJHQ
DA:180,1,/yPiBk0AciBj51SVB2lWOA
DA:182,1,xjjHRg0EHBWk9z4je7yOcQ
DA:183,1,3oQOrSt17FR3YU0H+mm+bA
DA:184,1,sZyn/QHM+PahdwZzd44lkA
DA:185,1,EeVMo8WNA8/mM/8VIx1Wrg
DA:189,1,ShHWs4YCENGoh+t7cN5cNA
DA:190,1,XlATSSUwLZc5UvEVDPCJHQ
DA:191,1,jJivys5DFS32LQTsxDTMQw
DA:192,1,0jl1bvwDfWjAxaVqFmdmSw
DA:193,1,kF8fQwWiYAV6zGPEVFlVHg
DA:195,1,+1dOnKYA0vj63vOtx9ZEiw
DA:196,1,0jl1bvwDfWjAxaVqFmdmSw
DA:197,1,kF8fQwWiYAV6zGPEVFlVHg
DA:199,1,apkQQtiiE4JOuDIBvLOUjQ
DA:201,1,YbuKLXfOfK889Jve4fdLkQ
DA:202,1,6MF+PyPqxQSRIvxcP0b0+A
DA:203,1,UCCj8Ti18WtaEHURKeJdvQ
DA:204,1,sCYM+JhM0jAmESEMB9erOQ
DA:206,1,Yv033H54a0QwuNk7ClyumQ
DA:207,1,u2YAfO64Q1ABumIgIaewHw
DA:209,1,bB72yyXuL/89QkBpsPT3zg
DA:210,1,+PkJW/OKy5CWhkDen0xHFA
DA:212,1,HmADa1g/W1C2Vo9Wm4sNNA
DA:213,1,kqOY6NuhAUGpN5RsYzbqNg
DA:214,1,xrKgJ58MvKoE7t36qW5mcA
DA:216,1,HmADa1g/W1C2Vo9Wm4sNNA
DA:217,1,/CwRHrXBwyz3B8NDg3K98g
DA:218,1,Yx5c2BYCVuuQDPuHEeMobA
DA:220,1,HmADa1g/W1C2Vo9Wm4sNNA
DA:221,1,KNvw89wf7edCvcM9bocLvw
DA:222,1,icsEiJs1MfD14dRuFHE4/w
DA:223,1,vY4vq7uOTlCe2H+m6cDVIQ
DA:224,1,MZEIK8+Ke2Uk6F68oU251Q
DA:226,1,sf4sE7ZHAbw3H6ahEsiuKw
DA:228,1,wxAPfH82RL8lv1kpRf0l1A
DA:229,1,jFC4C3b8L8iK/JxGPtd46Q
DA:230,1,fMYINKFTeEiYsQGf8xyq4A
DA:232,1,HmADa1g/W1C2Vo9Wm4sNNA
DA:233,1,atObAQG3MuJE3tvqYwCJgA
DA:234,1,R16Gsu5ZFtmdla7HZ95qLA
DA:236,1,HmADa1g/W1C2Vo9Wm4sNNA
DA:237,1,RANEdgb+w4gQ4W1PZK217A
DA:238,1,tq/D+sfHqTMq7RszTfA12A
DA:240,1,AWQlcKcxxXl3fRhpXMbgiQ
DA:241,1,qVZsVIDa+JpZ5O9g/nrFcw
DA:242,1,fveDt/XXiJ+dIQ0WSPXKow
DA:244,1,HmADa1g/W1C2Vo9Wm4sNNA
DA:245,1,MxocWjNI0pmMHiWHaL9nfw
DA:246,1,Zt+F73350b8/wPBIp4glAA
DA:248,1,LjrhXIjLbqYWEG0lf0zuZw
DA:249,1,QQ9VaEn/fFt+LvTxzxyJEw
DA:250,1,0mdy2/oVxlQ/aQ9TxmxCcA
DA:252,1,HmADa1g/W1C2Vo9Wm4sNNA
DA:253,1,pkbzk6b3MT3mV297NhJIhA
DA:254,1,Lw8WDTbujZL5Pml8zS9U9A
DA:256,1,2D/2dfFucOjr65E/ploDSw
DA:257,1,aXAQHArv1z4kASXcpPoIRA
DA:258,1,1uMLK6azKMqdpQcTZ/H5Pg
DA:260,1,HmADa1g/W1C2Vo9Wm4sNNA
DA:261,1,kDwf0VBr4dBJEU4w65EdHQ
DA:264,1,R2yFuvvXBwkasYxdwrMheQ
DA:265,1,Qik0vL+/g8zo1QhtP7Jn0Q
DA:266,1,oPM1+OFxdj4rAQQv4e6/Uw
DA:268,1,HmADa1g/W1C2Vo9Wm4sNNA
DA:269,1,SplDym0q7+QaamXcDL0a6Q
DA:270,1,0HCXNPIBMjUv6S7Sk4nRmQ
DA:272,1,MZHdvMJRcZb25Kliva5hUw
DA:273,1,zz4gTG5m+mkP4cxusHin2g
DA:274,1,U52COoZPqhNAz5TGWJNw3g
DA:276,1,HmADa1g/W1C2Vo9Wm4sNNA
DA:277,1,ABcduZMrEJXPYjKoD+p3KQ
DA:278,1,XlATSSUwLZc5UvEVDPCJHQ
DA:279,1,owgJwHLJ+ndYgKz43g17Lg
DA:281,1,HmADa1g/W1C2Vo9Wm4sNNA
DA:282,1,9YBi3PjherYjIHY32YY5LA
DA:283,1,XlATSSUwLZc5UvEVDPCJHQ
DA:284,1,T73DsGXyxaw4LLWvFWz1qg
DA:286,1,w7hnV1ofmjrxhcLwRbmYXw
DA:287,1,Jjq63vT+QzLG8P5nPW14QA
DA:288,1,4fLu2Iac30H8gRqe9v1w4A
DA:289,1,HLXFgZrMrpC23oSZOJmrqQ
DA:291,1,actzS3awzXySc4c/aCNenw
DA:292,1,RoUB0R0fXEBRsxnSz1wLKA
DA:295,1,l2kBUcjwso2xQAsnxgbxMQ
DA:297,1,oq++fDMGjH3nQyH22trBow
DA:298,1,+w9H5/RYTOPJJyxTWbsTBg
DA:299,1,bzNLguLe26rjtVYzfMLM0A
DA:300,1,vTdW8vr0LCEPxVpbu+UHPQ
DA:301,1,n05AfdIFALNK7eRaTWeHow
DA:303,1,W/g8GJDAYJkSSurt59Mzfw
DA:305,1,BeIo92IcvgA+7+i8/TbrYA
DA:306,1,V7ENQczpYFxXaCJpxbz72A
DA:310,1,NddqjtN+0gmFCHEUi08ISw
DA:311,1,z1FY6hyPBCbZwMZY9KnRLg
DA:313,1,W/g8GJDAYJkSSurt59Mzfw
DA:315,1,RiaTC6sIpScuEICHTX5i7Q
DA:316,1,Biv5CLyChSy5W0r1LIvPRg
DA:317,1,b93gecPR4WNmVLcQdFl7dA
DA:318,1,n05AfdIFALNK7eRaTWeHow
DA:320,1,W/g8GJDAYJkSSurt59Mzfw
DA:322,1,rGRFc5s1JWUT6rLYBF0kvg
DA:323,1,hYISMpgQev3peA3rKVZfGA
DA:325,1,BAUdlhgYtGdjFAZ3/Srblw
DA:326,1,NnNldFxdFNYKpgVq0fNQvw
DA:327,1,cXH6BsaVw5uHcvhyEX28HA
DA:328,1,vi4X4WGSVJOzu+/nqtC0JA
DA:330,1,GgB/aCp+gXphCGMXtqSA0Q
DA:331,1,RP6QICs5J7YGITGkgP8jAA
DA:333,1,DdwfhB8ilk2ZsPEFNqzAkw
DA:335,1,2eatSxm4m0zqD/TWq+iUYQ
DA:337,1,YhbpR+hbmkyBEv/WnK7NIw
DA:339,1,Y6b7bqrHX5sQwT8GpkKeYA
DA:340,1,XlATSSUwLZc5UvEVDPCJHQ
DA:341,1,kuCv7QlKzVb/1u6ZHmoU8g
DA:342,1,MbGEYIlGfv+gFO9/hU6VmQ
DA:343,1,8sDLSBrAcpFji5tgmMapWg
DA:345,1,apkQQtiiE4JOuDIBvLOUjQ
DA:347,1,xJx1qtZYSE15HOLC/sxRCA
DA:350,1,elaTfGIJSTfd4u53TVowGw
DA:351,1,LlV5q4y0kymk+d58PzP2uw
DA:352,1,FDdgt2xXPn9ARYRYso6daw
DA:353,1,LaMt2zTozL4nCAShBF82rw
DA:355,1,MtKxx0hWX25nJdeLZ8wXOw
DA:357,1,sf4sE7ZHAbw3H6ahEsiuKw
DA:359,1,hhgDPmMVyKNU+mpYOWoaOA
DA:360,1,upDe52iigAmpB/rtw/7bIg
DA:361,1,G34AvPZdEy+cF7goVmuUbA
DA:363,1,EY2OVZUxiUJbsFgLF5i52Q
DA:365,1,kxdkc45w9BVMwG3Trn5W+w
DA:368,1,UyTpyIEm31EO2s0Rkfdaiw
DA:370,1,5htE3z+oZBwctSVvB1Iw5Q
DA:371,1,ATisYQRuOWFecOgKVRewCg
DA:375,1,FXlgpfvKrQbOJqqB46jqrQ
DA:377,1,PyBIF05z9/LCsJ7VRcqacw
DA:378,1,izgF71VSS+JKin+PuLjSdw
DA:380,1,PB/8jf7zUTXrFBFvTn17/g
DA:383,1,n+sf7uykhSHtU06neEZzMg
DA:384,1,rZ24nb2bxZHXGMwhGxoeqA
DA:385,1,w226ilaZqrIjXgy9fzGD3A
DA:59,0,wWvyVCzDRWfTVXhFZNNl1w
DA:187,0,4P7O2yP4Ic4tk9rqo/Fy2w
DA:262,0,Mhnk53kHi0XV4Q8Et6IJ3A
LF:256
LH:253
BRDA:34,0,0,1
BRDA:41,0,1,1
BRDA:37,1,0,1
BRDA:39,1,1,1
BRDA:41,2,0,1
BRDA:45,2,1,1
BRDA:45,3,0,1
BRDA:49,3,1,1
BRDA:49,4,0,1
BRDA:53,4,1,1
BRDA:53,5,0,1
BRDA:57,5,1,1
BRDA:0,6,0,1
BRDA:57,6,1,1
BRDA:0,7,0,1
BRDA:74,7,1,1
BRDA:117,8,0,1
BRDA:121,8,1,1
BRDA:121,9,0,1
BRDA:125,9,1,1
BRDA:125,10,0,1
BRDA:129,10,1,1
BRDA:129,11,0,1
BRDA:133,11,1,1
BRDA:0,12,0,1
BRDA:133,12,1,1
BRDA:0,13,0,1
BRDA:180,13,1,1
BRDA:183,14,0,1
BRDA:184,14,1,1
BRDA:187,15,0,-
BRDA:185,15,1,1
BRDA:0,16,0,1
BRDA:191,16,1,1
BRDA:199,16,2,1
BRDA:192,17,0,1
BRDA:195,17,1,1
BRDA:191,18,0,1
BRDA:193,18,1,1
BRDA:190,19,0,1
BRDA:196,19,1,1
BRDA:195,20,0,-
BRDA:197,20,1,1
BRDA:0,21,0,1
BRDA:203,21,1,1
BRDA:202,22,0,1
BRDA:207,22,1,1
BRDA:212,23,0,1
BRDA:216,23,1,1
BRDA:216,24,0,1
BRDA:220,24,1,1
BRDA:220,25,0,1
BRDA:228,25,1,1
BRDA:223,26,0,1
BRDA:226,26,1,1
BRDA:222,27,0,1
BRDA:224,27,1,1
BRDA:228,28,0,1
BRDA:232,28,1,1
BRDA:232,29,0,1
BRDA:236,29,1,1
BRDA:236,30,0,1
BRDA:240,30,1,1
BRDA:240,31,0,1
BRDA:244,31,1,1
BRDA:244,32,0,1
BRDA:248,32,1,1
BRDA:248,33,0,1
BRDA:252,33,1,1
BRDA:252,34,0,1
BRDA:256,34,1,1
BRDA:256,35,0,1
BRDA:260,35,1,1
BRDA:260,36,0,1
BRDA:264,36,1,1
BRDA:264,37,0,1
BRDA:268,37,1,1
BRDA:268,38,0,1
BRDA:272,38,1,1
BRDA:272,39,0,1
BRDA:276,39,1,1
BRDA:276,40,0,1
BRDA:281,40,1,1
BRDA:0,41,0,1
BRDA:279,41,1,1
BRDA:281,42,0,1
BRDA:286,42,1,1
BRDA:0,43,0,1
BRDA:284,43,1,1
BRDA:0,44,0,1
BRDA:288,44,1,1
BRDA:0,45,0,1
BRDA:289,45,1,1
BRDA:292,46,0,1
BRDA:295,46,1,1
BRDA:303,46,2,1
BRDA:298,47,0,1
BRDA:303,47,1,1
BRDA:306,48,0,1
BRDA:310,48,1,1
BRDA:313,48,2,1
BRDA:317,49,0,1
BRDA:320,49,1,1
BRDA:316,50,0,1
BRDA:318,50,1,1
BRDA:326,51,0,1
BRDA:335,51,1,1
BRDA:325,52,0,1
BRDA:327,52,1,1
BRDA:331,53,0,1
BRDA:333,53,1,1
BRDA:0,54,0,1
BRDA:341,54,1,1
BRDA:345,54,2,1
BRDA:340,55,0,1
BRDA:342,55,1,1
BRDA:351,56,0,1
BRDA:355,56,1,1
BRDA:350,57,0,1
BRDA:352,57,1,1
BRDA:361,58,0,1
BRDA:363,58,1,1
BRDA:371,59,0,1
BRDA:375,59,1,1
BRDA:0,60,0,1
BRDA:378,60,1,1
BRF:124
BRH:122
end_of_record
