TN:
SF:nrt_threads_utils\threads_pool_manager\enums.py
DA:1,1,gRHjawkciFUavd6j4zLvOw
DA:4,1,4cmLnFMxEOyE072dAqq93A
DA:5,1,5BRhZqplXM09WU4W27ZWqw
DA:6,1,XPYCxT6jk94OlN/FOt5BhQ
DA:7,1,So0jvbq8yMNKHE6w4/jtCg
DA:10,1,HE8zLK6e0eOjTovx1ZqAzw
DA:11,1,K691rIKMDsBPZHTO3LKrEw
DA:12,1,OKms3mzyIsLKnLPzKDwURw
DA:15,1,GAhTGcVvzMfOE4Lg8HoNuQ
DA:16,1,af1oiizsP54Q8ii45gzB4A
DA:17,1,J2zZQYhmk3yPPQX6fbCKPg
DA:18,1,G5NIcuEiNDnnJka/IhU6+A
LF:12
LH:12
BRF:0
BRH:0
end_of_record
TN:
SF:nrt_threads_utils\threads_pool_manager\metrics.py
DA:1,1,7HpIEQVf5K0efdTzo05mJg
DA:2,1,jEc91tz0B1b2beSYnS+UDQ
DA:5,1,CT9XrugR0VmgtyLiirko8A
DA:6,1,0IqhwNIxvE6nhIsNR480hQ
DA:7,1,BzFGRnvuGM7f2PMjFY/JMw
DA:8,1,GQOU0UprCz8Cl/cEK/elzQ
DA:9,1,Rx0rYBPOs4tfXH+l+OKXUg
DA:10,1,T/Dxemmgzo2EZWMNJ2BOWQ
DA:11,1,q4TU0f0XrlyCqvWEftR+yw
DA:12,1,unkEM1W6BnHe3DORE4ny9g
DA:13,1,2xNAYg+W/A8XxxnnmvLuWQ
DA:14,1,JCF5WVpowIuzQOYt6pDUYA
DA:15,1,eHy1iBx/jyX15UG8dqnb2w
DA:17,1,gFdnwIzxJ64X+nD2UauP7A
DA:18,1,kI5twKLv3e5Et2l0MTDJag
DA:19,1,vIMnu0s+3Oas4Qb+2Yxxkw
DA:20,1,LS3zB3dUGtiznn31wFDWZg
LF:17
LH:17
BRDA:6,0,0,1
BRDA:7,0,1,1
BRF:2
BRH:2
end_of_record
TN:
SF:nrt_threads_utils\threads_pool_manager\tasks.py
DA:1,1,8/DPjtWdo8z1/SINFFKe8w
DA:2,1,Nf/dQDXNBO4gl+IkH/yMhw
DA:3,1,H9bPs4og7Np8TOcsyfUt5Q
DA:4,1,jEc91tz0B1b2beSYnS+UDQ
DA:5,1,az+eo3MsNk0YHol3B37mAA
DA:6,1,TZq8YWOElZ1uvhYqeGwP2w
DA:9,1,lIP9V2NsI5DqHLTHeFiMlw
DA:10,1,v8QLoya1qSYZdpGr0/M8Ag
DA:11,1,3nt6d5d2FN6GddBjr7Q5fw
DA:12,1,UMo58tS0ZPNAzeaR+jF9ZQ
DA:13,1,RPoLcoT0GV//EUMK9zCoew
DA:15,1,gFdnwIzxJ64X+nD2UauP7A
DA:16,1,fLhWHiCZzDy83hcH5LXTsg
DA:17,1,HmpJe2X+FFcLL1W+msyt9g
DA:19,1,HmADa1g/W1C2Vo9Wm4sNNA
DA:20,1,Gyk9c61EYv30Aw86asQRpA
DA:21,1,Zv+SuHA/OPpRDaVxfSxQXw
DA:22,1,AfKTL7yuoZRRGPW/aoSh8A
DA:24,1,6rgBhtkd42TFIDwa61jENA
DA:26,1,HmADa1g/W1C2Vo9Wm4sNNA
DA:27,1,FzdOrRrWlEPWlSCN+R0pow
DA:28,1,1+wrUYAZuntFmBcxd2clHw
DA:30,1,HmADa1g/W1C2Vo9Wm4sNNA
DA:31,1,hcZfneHyRU7Rqc2aYxQ1tQ
DA:32,1,jYXjqEKn8FCFZ+p3AqOTgQ
DA:34,1,HmADa1g/W1C2Vo9Wm4sNNA
DA:35,1,H3gJ7XStJSNsDFs3nJQtHw
DA:36,1,9/Pi1mABRHRhkYdK92OFOQ
DA:38,1,tKjWj2Urdh2MTrND09FmdA
DA:39,1,ipp3mHYridyebWUN8iNG1A
DA:40,1,uYUWNECN1xQj3wOuAUjTQQ
DA:42,1,HmADa1g/W1C2Vo9Wm4sNNA
DA:43,1,uismCvMypoRo9WapE1aXIQ
DA:44,1,6mqdwzLqIaG5X1ol1FpgIg
DA:46,1,Kp0JYTYk0hxa/DsF8pGJQQ
DA:47,1,3c/mLYqfuKMo1q2lOqtIGA
DA:48,1,S4f2NRK8OF2FtnAgo/6orQ
DA:50,1,XoVUOkRyu3PGO4dLV1agZw
DA:51,1,ZKB2auhudShZLqzy3jSYiA
DA:55,1,6/uQqVrDc9VYN/WSG9oomA
DA:56,1,r/bSvlbO6efqCF0cF/LFvw
DA:58,1,7dcOKUC1GzTz+U/Cj+D2hg
DA:59,1,WOwJxA6R7uUewE816b2YBA
DA:61,1,x8FUjk1/uRAevMaUEHvNjw
DA:63,1,ZKB2auhudShZLqzy3jSYiA
DA:64,1,NKSj7upZvaYHiNOrIZOmXQ
DA:65,1,JiIb9W1RtSGlQf2t5GbrEg
DA:67,1,HmADa1g/W1C2Vo9Wm4sNNA
DA:68,1,kmBE0iueo0VfZXIBe7HtQg
DA:69,1,W7ys2Zh6J3h/vlG204vHJA
DA:72,1,5adkIkjzx3A1LKVNHCFDDA
DA:73,1,w1J3Tkxoc+AJcMcHdtNpAg
DA:74,1,WBbV9MOvA62a/mJVc/kl6g
DA:75,1,GTfn9DUbea5hEBn5iWr50A
DA:76,1,kPju5VfnjB/ymzyRKXp1FA
DA:78,1,g77BB7/9u/f/WfDAxCypmQ
DA:79,1,WOwJxA6R7uUewE816b2YBA
DA:81,1,x8FUjk1/uRAevMaUEHvNjw
DA:82,1,4jZuiP3+UOeza8gai0nayg
DA:83,1,Ey7UIXsbPPW79t+pPMq8jA
DA:85,1,ZKB2auhudShZLqzy3jSYiA
DA:86,1,xjcDBnSwra0OiNOAYAwoHA
DA:87,1,jrZudnBFH1jqkJvrbt6CYA
DA:88,1,cCzhnT+1tmGi11b28Pmfwg
DA:89,1,Ia/0MrnLeonB+ZZtOR+eFQ
DA:90,1,y1jHyR6ESX99Wycaoe+uzQ
DA:92,1,HmADa1g/W1C2Vo9Wm4sNNA
DA:93,1,d4Lszme7Kx4jwUwyP+Torg
DA:94,1,cgQO2kzo9ES8YHGFlHZiOw
DA:95,1,0ZZvaHFrcOHK6i98LGeyvQ
DA:97,1,FS0tEXHSQK3+ChaPQdGU3Q
DA:100,1,aBUKdgx67WiwtSE40hNfGA
DA:101,1,JOjw3T7i0c79Vgb8Vj4OEQ
DA:102,1,eFAQXycw7chXqOBM4GV6YQ
DA:103,1,kvcx6FihTJI9KBM8CYIIxg
DA:104,1,dnarh7FLpUnQb5Nz2BHZhQ
DA:106,1,4LgMgWBGno1n5MNJ8WRFsQ
DA:112,1,WOwJxA6R7uUewE816b2YBA
DA:114,1,x8FUjk1/uRAevMaUEHvNjw
DA:115,1,CFcE7a0RcidipJNpylvQ/w
DA:116,1,uTKURgLuzu98HBOBa6pc/g
DA:118,1,HmADa1g/W1C2Vo9Wm4sNNA
DA:119,1,FzdOrRrWlEPWlSCN+R0pow
DA:120,1,4zmoWd3CnkwR16LXaVwjsg
DA:122,1,HmADa1g/W1C2Vo9Wm4sNNA
DA:123,1,hcZfneHyRU7Rqc2aYxQ1tQ
DA:124,1,vXf6khJMQtk1Ge2G2W2+IA
DA:126,1,YbuKLXfOfK889Jve4fdLkQ
DA:127,1,jzuMEk5PCQKHlNy5W2A/Ew
DA:128,1,rtWOiS5+q8TieG1ybrqd0g
DA:130,1,HmADa1g/W1C2Vo9Wm4sNNA
DA:131,1,z7IejNJY7GbXPqIS9UNnog
DA:132,1,CKGPPJT14xV2OH1YDIZqDw
DA:134,1,uvN4HsZWzZqxAIKxFgX/sQ
DA:135,1,A+h8Og1Da2WMuafif6GUig
DA:136,1,aM7xLtAz1TgjRps/BwkGEA
DA:138,1,HmADa1g/W1C2Vo9Wm4sNNA
DA:139,1,egqjgT/6ACFYdtGrfmaz2A
DA:140,1,PxNoIuJ1HcikiLyjW5Zqog
DA:142,1,HmADa1g/W1C2Vo9Wm4sNNA
DA:143,1,+EMdnrFgWZmW+Z8rK4PVNg
DA:144,1,W7ys2Zh6J3h/vlG204vHJA
DA:146,1,HmADa1g/W1C2Vo9Wm4sNNA
DA:147,1,m7K7E0LiWhNXyp4MiyHzOA
DA:148,1,BnNvPu0nwQM7mk9fTJ9SwQ
DA:149,1,3ba4qC38QMxqxVfBEntYAA
DA:151,1,HakGPlN/sq+unNFSNsY3RA
DA:152,1,tqaVhmEcUH5NtlG4omANpQ
DA:156,1,HmADa1g/W1C2Vo9Wm4sNNA
DA:157,1,jIJlq7mMVbAhdTnbcvZ6pw
DA:158,1,RjjZmLJC1uq+yKMZVJ0RXg
DA:52,0,ZsPI7IOzVWacIAL6deimNw
DA:154,0,Jw1o7ttW6U7T3e0zukeOpQ
LF:113
LH:111
BRDA:19,0,0,1
BRDA:26,0,1,1
BRDA:22,1,0,1
BRDA:24,1,1,1
BRDA:26,2,0,1
BRDA:30,2,1,1
BRDA:30,3,0,1
BRDA:34,3,1,1
BRDA:34,4,0,1
BRDA:38,4,1,1
BRDA:38,5,0,1
BRDA:42,5,1,1
BRDA:42,6,0,1
BRDA:46,6,1,1
BRDA:46,7,0,1
BRDA:50,7,1,1
BRDA:0,8,0,1
BRDA:50,8,1,1
BRDA:0,9,0,1
BRDA:67,9,1,1
BRDA:0,10,0,1
BRDA:92,10,1,1
BRDA:95,11,0,1
BRDA:97,11,1,1
BRDA:118,12,0,1
BRDA:122,12,1,1
BRDA:122,13,0,1
BRDA:126,13,1,1
BRDA:130,14,0,1
BRDA:134,14,1,1
BRDA:134,15,0,1
BRDA:138,15,1,1
BRDA:138,16,0,1
BRDA:142,16,1,1
BRDA:142,17,0,1
BRDA:146,17,1,1
BRDA:146,18,0,1
BRDA:156,18,1,1
BRDA:149,19,0,1
BRDA:151,19,1,1
BRDA:154,20,0,-
BRDA:152,20,1,1
BRDA:0,21,0,1
BRDA:156,21,1,1
BRF:44
BRH:43
end_of_record
TN:
SF:nrt_threads_utils\threads_pool_manager\threads_pool_manager.py
DA:1,1,2/+ysJB2BBzVWbseKUaEjQ
DA:2,1,Y3AquvzMWLUHMVKURoySRw
DA:3,1,jEc91tz0B1b2beSYnS+UDQ
DA:4,1,zUJFLx9Jga1QIpHvPJzb/g
DA:5,1,Bj8VTUf3RI+MdO2m5NNyJg
DA:6,1,g85wwZaA/DCCnldA+hTK6Q
DA:8,1,+bSH+/s4C40plP6hIyI+bw
DA:10,1,Q+TRToGw0QZ33mbvxRaN/Q
DA:11,1,iU5eXhZxkZ1eJiWLV5D6Eg
DA:14,1,FplpK1rgb74fimbVCxqmJg
DA:15,1,gDWB/tYbB3ZT00o/ts+jwQ
DA:16,1,UnUvgYmCABDzyF7rWwRQkQ
DA:18,1,fzQ5ohRZMeNcO0mBp+2S+g
DA:19,1,+8eFxlc/5A/Z+MTM6uCFbg
DA:20,1,0yS+PXK29KXjPXzauO/lRg
DA:22,1,5eJdxxwYbJWHKjaaW26LAg
DA:23,1,ClFS8qUcxiypCr/v52Hrag
DA:24,1,AiLo2LjITbu64Go2zT5Qyg
DA:26,1,mE/+BosrmQs23JEW2fhK7A
DA:27,1,FUeEbOozWzelGeFZmaTgtA
DA:29,1,8Q7EZILld0JG7k+/1nHtFw
DA:30,1,mJu46tPbncvzb4GdYoBgPQ
DA:31,1,tnRiljc2U/rofOgZIbA+3Q
DA:32,1,InGYdOOz8/Wh3Qpu/gY+2Q
DA:33,1,dalud8JFfzwDrSrWp5Ztug
DA:34,1,C7BDf3jxuDOqHTVK/L74Jg
DA:36,1,iCVkcIH6FSytQxqgwHEGRg
DA:38,1,8KBgPBEUMW/q6j9ZwEeDuA
DA:39,1,qUlRNMNoX2ih1FuOMVtaSQ
DA:41,1,OOx5d39xr4JoihJb8kgzUA
DA:43,1,B5W3EaDMO0hRer+2K5Db2w
DA:45,1,UBTefIZHN7rsx7Po06dDWg
DA:46,1,WOwJxA6R7uUewE816b2YBA
DA:48,1,vET7nVP9lzoEcsXp7sJF2g
DA:49,1,GR/ZlOiwegShvgQDAzTOZA
DA:50,1,JqbkTyBp9HJyd2QptciCzw
DA:51,1,2QBNyUkEBEJMSiDCTCw8Uw
DA:52,1,p1s8P9mtSvu9/WYJohwWbQ
DA:53,1,XcoXFrp22uVy1uDVcakK9A
DA:54,1,qc95l1VEMKWBn7ChhoLHPQ
DA:55,1,z5lUR54Ue3/dJoO7c1EfHQ
DA:56,1,5UAoGHBHlamr8FboPxPJ5A
DA:58,1,y4vNmCfJJFC59u2Mtht0rQ
DA:65,1,MS1hY3lFxiXCI1i/cVTmhw
DA:67,1,8ICo4jIp0otRNy+K05/jPQ
DA:68,1,/yPiBk0AciBj51SVB2lWOA
DA:70,1,xjjHRg0EHBWk9z4je7yOcQ
DA:71,1,3oQOrSt17FR3YU0H+mm+bA
DA:72,1,sZyn/QHM+PahdwZzd44lkA
DA:73,1,EeVMo8WNA8/mM/8VIx1Wrg
DA:77,1,gj0tsmiD3y2oY7ADPIQtrw
DA:79,1,ShHWs4YCENGoh+t7cN5cNA
DA:80,1,8ICo4jIp0otRNy+K05/jPQ
DA:81,1,EYpBkD5n/cH064aXGeXyLg
DA:83,1,r/gcS+K4QzbDpyIGkGB9WQ
DA:84,1,mBNKr9jDpcThihcaNw+r4w
DA:85,1,Ti8goSXCeXJDRaszKmScMg
DA:87,1,HKLUcBtfcT8eNyvuJ0cDWQ
DA:89,1,Jts0PCUETigknbHyM6T/gw
DA:90,1,wfCJ7jpE//xdjHXBfPTPtA
DA:92,1,WkCaDXutU2/05aiP8Xr7kg
DA:93,1,UUJmBWjHHA1t7IneFR6Cnw
DA:94,1,wfCJ7jpE//xdjHXBfPTPtA
DA:96,1,apkQQtiiE4JOuDIBvLOUjQ
DA:98,1,NcqJ2Biae9ifg7qbdGtT0w
DA:99,1,tpYT1mxJ0NY2pyAt6c+HiQ
DA:101,1,YbuKLXfOfK889Jve4fdLkQ
DA:102,1,6MF+PyPqxQSRIvxcP0b0+A
DA:103,1,rfYTKoCSf+mwdjNun9qq/g
DA:105,1,Lo+aMLm2z+zvromyp/pGMA
DA:106,1,uj6Ad1BzqFtL7phfc44W2g
DA:108,1,OyZxsaZuZi/g58+ejjNIFA
DA:110,1,sCYM+JhM0jAmESEMB9erOQ
DA:112,1,Yv033H54a0QwuNk7ClyumQ
DA:113,1,u2YAfO64Q1ABumIgIaewHw
DA:115,1,rZYo8/Mamlg8JygJ8MAQrA
DA:116,1,1uy/lre40ild3eCsF5jzzA
DA:117,1,NKD53jpt55JnNU7DyntBUw
DA:119,1,bB72yyXuL/89QkBpsPT3zg
DA:120,1,+PkJW/OKy5CWhkDen0xHFA
DA:122,1,7rEil3aylGN7UwzgqzfzZg
DA:123,1,O/p2orZvRnqphJL2g3ejaQ
DA:125,1,Q+Hd3Yrhoi+0cqNlGbbM1A
DA:126,1,TtmqFdFkP9kA2xD4DZfurw
DA:128,1,HmADa1g/W1C2Vo9Wm4sNNA
DA:129,1,kqOY6NuhAUGpN5RsYzbqNg
DA:130,1,xrKgJ58MvKoE7t36qW5mcA
DA:132,1,HmADa1g/W1C2Vo9Wm4sNNA
DA:133,1,/CwRHrXBwyz3B8NDg3K98g
DA:134,1,Yx5c2BYCVuuQDPuHEeMobA
DA:136,1,HmADa1g/W1C2Vo9Wm4sNNA
DA:137,1,KNvw89wf7edCvcM9bocLvw
DA:138,1,icsEiJs1MfD14dRuFHE4/w
DA:139,1,vY4vq7uOTlCe2H+m6cDVIQ
DA:140,1,MZEIK8+Ke2Uk6F68oU251Q
DA:142,1,sf4sE7ZHAbw3H6ahEsiuKw
DA:144,1,wxAPfH82RL8lv1kpRf0l1A
DA:145,1,jFC4C3b8L8iK/JxGPtd46Q
DA:146,1,fMYINKFTeEiYsQGf8xyq4A
DA:148,1,HmADa1g/W1C2Vo9Wm4sNNA
DA:149,1,atObAQG3MuJE3tvqYwCJgA
DA:150,1,R16Gsu5ZFtmdla7HZ95qLA
DA:152,1,HmADa1g/W1C2Vo9Wm4sNNA
DA:153,1,RANEdgb+w4gQ4W1PZK217A
DA:154,1,tq/D+sfHqTMq7RszTfA12A
DA:156,1,AWQlcKcxxXl3fRhpXMbgiQ
DA:157,1,qVZsVIDa+JpZ5O9g/nrFcw
DA:158,1,fveDt/XXiJ+dIQ0WSPXKow
DA:160,1,HmADa1g/W1C2Vo9Wm4sNNA
DA:161,1,lSGEBBb97rKxP/fEv9DTBQ
DA:163,1,BkOdi6HWSxqSnitcbIb7cA
DA:164,1,CnkJqOnk9Z3gdxtIijWQfg
DA:165,1,okVMGUEfxZxgUVYwoG8bTg
DA:166,1,oE0lKjnWALH1FTF6c6zHOA
DA:168,1,HmADa1g/W1C2Vo9Wm4sNNA
DA:169,1,iLfoacY3Ip3VxWzBu69ahg
DA:170,1,8ICo4jIp0otRNy+K05/jPQ
DA:171,1,PujW1me2yz+g5DyNUyaQDA
DA:173,1,HmADa1g/W1C2Vo9Wm4sNNA
DA:174,1,RUP1gOKfUwWAjxmFGUsU8w
DA:175,1,kURri0BgeiWoNHCELI1MBw
DA:177,1,HmADa1g/W1C2Vo9Wm4sNNA
DA:178,1,MxocWjNI0pmMHiWHaL9nfw
DA:179,1,Zt+F73350b8/wPBIp4glAA
DA:181,1,LjrhXIjLbqYWEG0lf0zuZw
DA:182,1,QQ9VaEn/fFt+LvTxzxyJEw
DA:183,1,0mdy2/oVxlQ/aQ9TxmxCcA
DA:185,1,HmADa1g/W1C2Vo9Wm4sNNA
DA:186,1,pkbzk6b3MT3mV297NhJIhA
DA:187,1,Lw8WDTbujZL5Pml8zS9U9A
DA:189,1,2D/2dfFucOjr65E/ploDSw
DA:190,1,aXAQHArv1z4kASXcpPoIRA
DA:191,1,1uMLK6azKMqdpQcTZ/H5Pg
DA:193,1,HmADa1g/W1C2Vo9Wm4sNNA
DA:194,1,UkimKkPCmG8Qp4FUe0ktAA
DA:195,1,mr1yLI9YWUkWKzfEs6cExw
DA:197,1,OmcFTG2mnFdkUwRv/awILg
DA:198,1,OT12rAlkq0/oMw9ja0J3OQ
DA:199,1,Q+mSUUslhkAz9PH+ERlcFg
DA:201,1,HmADa1g/W1C2Vo9Wm4sNNA
DA:202,1,kDwf0VBr4dBJEU4w65EdHQ
DA:203,1,Mhnk53kHi0XV4Q8Et6IJ3A
DA:205,1,R2yFuvvXBwkasYxdwrMheQ
DA:206,1,Qik0vL+/g8zo1QhtP7Jn0Q
DA:207,1,oPM1+OFxdj4rAQQv4e6/Uw
DA:209,1,HmADa1g/W1C2Vo9Wm4sNNA
DA:210,1,/V2gqD7sV5nZiLo9D9D5Aw
DA:211,1,1uy/lre40ild3eCsF5jzzA
DA:212,1,udJXEGHXTBQS4kkP1XCKZw
DA:214,1,HmADa1g/W1C2Vo9Wm4sNNA
DA:215,1,SplDym0q7+QaamXcDL0a6Q
DA:216,1,0HCXNPIBMjUv6S7Sk4nRmQ
DA:218,1,MZHdvMJRcZb25Kliva5hUw
DA:219,1,zz4gTG5m+mkP4cxusHin2g
DA:220,1,U52COoZPqhNAz5TGWJNw3g
DA:222,1,HmADa1g/W1C2Vo9Wm4sNNA
DA:223,1,igfzLP7aDZfrpry6o3+Umg
DA:224,1,81kooKeTETvyVfjYHJ7XoA
DA:226,1,HmADa1g/W1C2Vo9Wm4sNNA
DA:227,1,9YBi3PjherYjIHY32YY5LA
DA:228,1,GNL8FTBf5b0u09jX88mTvg
DA:230,1,w7hnV1ofmjrxhcLwRbmYXw
DA:231,1,1fBNBNDpHX6G4/39zEXU5g
DA:232,1,PoACOfFmcIClsgfR8LBlqA
DA:234,1,actzS3awzXySc4c/aCNenw
DA:235,1,RoUB0R0fXEBRsxnSz1wLKA
DA:238,1,l2kBUcjwso2xQAsnxgbxMQ
DA:240,1,oq++fDMGjH3nQyH22trBow
DA:241,1,+w9H5/RYTOPJJyxTWbsTBg
DA:242,1,bzNLguLe26rjtVYzfMLM0A
DA:243,1,vTdW8vr0LCEPxVpbu+UHPQ
DA:245,1,HIzwmKEzeSZ9Ld308rkcbA
DA:246,1,Jf32C3xRiq9A94KYSJ4Kmg
DA:248,1,n05AfdIFALNK7eRaTWeHow
DA:250,1,W/g8GJDAYJkSSurt59Mzfw
DA:252,1,BeIo92IcvgA+7+i8/TbrYA
DA:253,1,V7ENQczpYFxXaCJpxbz72A
DA:258,1,NddqjtN+0gmFCHEUi08ISw
DA:260,1,z1FY6hyPBCbZwMZY9KnRLg
DA:262,1,W/g8GJDAYJkSSurt59Mzfw
DA:264,1,RiaTC6sIpScuEICHTX5i7Q
DA:265,1,JN1QTRh4r5t7udvOAvpYIQ
DA:268,1,rGRFc5s1JWUT6rLYBF0kvg
DA:269,1,hYISMpgQev3peA3rKVZfGA
DA:271,1,BAUdlhgYtGdjFAZ3/Srblw
DA:272,1,NnNldFxdFNYKpgVq0fNQvw
DA:274,1,+CtuqSqRHjyw1ifxCqxddA
DA:277,1,cXH6BsaVw5uHcvhyEX28HA
DA:278,1,isSATM6NpRMR+Pya5a2y3A
DA:280,1,vi4X4WGSVJOzu+/nqtC0JA
DA:282,1,GgB/aCp+gXphCGMXtqSA0Q
DA:283,1,RP6QICs5J7YGITGkgP8jAA
DA:285,1,DdwfhB8ilk2ZsPEFNqzAkw
DA:287,1,2eatSxm4m0zqD/TWq+iUYQ
DA:289,1,YhbpR+hbmkyBEv/WnK7NIw
DA:291,1,Q5MNwMkV4lQjMXe+NleBGA
DA:292,1,BkOdi6HWSxqSnitcbIb7cA
DA:293,1,KOJBEXIoeGnUgcc6T1ksyQ
DA:294,1,mHTFWEn/DR2K6cY4XFsLoQ
DA:296,1,Lcl68wn/PJJ2KFtWhJqgvg
DA:298,1,Y6b7bqrHX5sQwT8GpkKeYA
DA:299,1,8ICo4jIp0otRNy+K05/jPQ
DA:300,1,jlumEknU+sjbaaaI3nrJYA
DA:301,1,+qyt2smR9g+e5Qfg1qBkSw
DA:303,1,ZWfdsBcbw83hzZIdm/Y2BQ
DA:304,1,qU4G4abbVO8kgaEEucsykw
DA:306,1,MbGEYIlGfv+gFO9/hU6VmQ
DA:308,1,8sDLSBrAcpFji5tgmMapWg
DA:310,1,apkQQtiiE4JOuDIBvLOUjQ
DA:312,1,7IQmsIn0YgRpaAoyqydDtQ
DA:314,1,elaTfGIJSTfd4u53TVowGw
DA:315,1,LlV5q4y0kymk+d58PzP2uw
DA:316,1,FDdgt2xXPn9ARYRYso6daw
DA:317,1,LaMt2zTozL4nCAShBF82rw
DA:319,1,MtKxx0hWX25nJdeLZ8wXOw
DA:321,1,sf4sE7ZHAbw3H6ahEsiuKw
DA:323,1,hhgDPmMVyKNU+mpYOWoaOA
DA:324,1,upDe52iigAmpB/rtw/7bIg
DA:325,1,G34AvPZdEy+cF7goVmuUbA
DA:327,1,EY2OVZUxiUJbsFgLF5i52Q
DA:329,1,tuhFRZSmoZvgTHQ3mONNEg
DA:331,1,UyTpyIEm31EO2s0Rkfdaiw
DA:333,1,5htE3z+oZBwctSVvB1Iw5Q
DA:334,1,ATisYQRuOWFecOgKVRewCg
DA:338,1,FXlgpfvKrQbOJqqB46jqrQ
DA:340,1,PyBIF05z9/LCsJ7VRcqacw
DA:341,1,izgF71VSS+JKin+PuLjSdw
DA:343,1,QUTxA95DNgNePwuHzd1CKQ
DA:345,1,n+sf7uykhSHtU06neEZzMg
DA:346,1,qCQPjntgTR24f4BlPbjFHw
DA:347,1,rZ24nb2bxZHXGMwhGxoeqA
DA:348,1,w226ilaZqrIjXgy9fzGD3A
DA:350,1,Kkc0wPVqn0qYfpKbi9/meQ
DA:351,1,1uy/lre40ild3eCsF5jzzA
DA:352,1,EKaNE0R8k+CW2XaQDrPqzw
DA:353,1,SdqXHdjX4NKjXhXNQT4yow
DA:354,1,bvDJZOs76m6EPOo7zwmKHg
DA:356,1,hZl3EBltbAlqJ/gDQPAqMA
DA:357,1,1uy/lre40ild3eCsF5jzzA
DA:358,1,T7bfcotI0Mrrcw8rpSoSpg
DA:359,1,vZQrrgAmyEyilILh6d7sXQ
DA:361,1,2TkKFfYIEIgodxM74fW7Lw
DA:363,1,1uy/lre40ild3eCsF5jzzA
DA:364,1,rfh15vqU6tUkIEmLsZiosQ
DA:366,1,HREEl4TP38HrIOrpxHGrLw
DA:367,1,m4AKzPGQgbn7dR5pWHBInw
DA:369,1,obvYep60LnJ4QrPFbg5b5A
DA:371,1,LHEgEjAlmaK1NIoXx02j2w
DA:372,1,EfjiLMvqexYzIeNuiuhlDw
DA:374,1,OUgzUD6Wj1tRfb7oxqezkw
DA:375,1,BImQtuSyoos+ZT+rBxqvpg
DA:377,1,MPfiudMHYA01/bUQVWg0FQ
DA:379,1,oj+Kgs2kKmwOjyGFSZyK/Q
DA:380,1,PEZLb8vC5X7JfLRBWRwgsQ
DA:382,1,XCRVRFARW5l/9WNVSBbNug
DA:383,1,nZxhb8wkt4Yuo/m95ropDA
DA:385,1,Lt4Yj95BrJG488rlbrLxQg
DA:387,1,SJrHe7XmAx4dq+qyIg/7pg
DA:388,1,1uy/lre40ild3eCsF5jzzA
DA:389,1,XlkdkUKYZEmsKtmPTFqeFg
DA:75,0,4P7O2yP4Ic4tk9rqo/Fy2w
LF:261
LH:260
BRDA:0,0,0,1
BRDA:68,0,1,1
BRDA:71,1,0,1
BRDA:72,1,1,1
BRDA:75,2,0,-
BRDA:73,2,1,1
BRDA:0,3,0,1
BRDA:81,3,1,1
BRDA:96,3,2,1
BRDA:80,4,0,1
BRDA:84,4,1,1
BRDA:87,5,0,-
BRDA:85,5,1,1
BRDA:89,6,0,1
BRDA:92,6,1,1
BRDA:87,7,0,1
BRDA:90,7,1,1
BRDA:83,8,0,1
BRDA:93,8,1,1
BRDA:92,9,0,1
BRDA:94,9,1,1
BRDA:0,10,0,1
BRDA:103,10,1,1
BRDA:106,11,0,1
BRDA:108,11,1,1
BRDA:102,12,0,1
BRDA:113,12,1,1
BRDA:0,13,0,1
BRDA:117,13,1,1
BRDA:128,14,0,1
BRDA:132,14,1,1
BRDA:132,15,0,1
BRDA:136,15,1,1
BRDA:136,16,0,1
BRDA:144,16,1,1
BRDA:139,17,0,1
BRDA:142,17,1,1
BRDA:138,18,0,1
BRDA:140,18,1,1
BRDA:144,19,0,1
BRDA:148,19,1,1
BRDA:148,20,0,1
BRDA:152,20,1,1
BRDA:152,21,0,1
BRDA:156,21,1,1
BRDA:156,22,0,1
BRDA:160,22,1,1
BRDA:160,23,0,1
BRDA:168,23,1,1
BRDA:0,24,0,1
BRDA:164,24,1,1
BRDA:168,25,0,1
BRDA:173,25,1,1
BRDA:0,26,0,1
BRDA:171,26,1,1
BRDA:173,27,0,1
BRDA:177,27,1,1
BRDA:177,28,0,1
BRDA:181,28,1,1
BRDA:181,29,0,1
BRDA:185,29,1,1
BRDA:185,30,0,1
BRDA:189,30,1,1
BRDA:189,31,0,1
BRDA:193,31,1,1
BRDA:193,32,0,1
BRDA:197,32,1,1
BRDA:197,33,0,1
BRDA:201,33,1,1
BRDA:201,34,0,1
BRDA:205,34,1,1
BRDA:205,35,0,1
BRDA:209,35,1,1
BRDA:209,36,0,1
BRDA:214,36,1,1
BRDA:0,37,0,1
BRDA:212,37,1,1
BRDA:214,38,0,1
BRDA:218,38,1,1
BRDA:218,39,0,1
BRDA:222,39,1,1
BRDA:222,40,0,1
BRDA:226,40,1,1
BRDA:226,41,0,1
BRDA:230,41,1,1
BRDA:0,42,0,1
BRDA:232,42,1,1
BRDA:235,43,0,1
BRDA:238,43,1,1
BRDA:250,43,2,1
BRDA:241,44,0,1
BRDA:250,44,1,1
BRDA:246,45,0,1
BRDA:248,45,1,1
BRDA:253,46,0,1
BRDA:258,46,1,1
BRDA:262,46,2,1
BRDA:0,47,0,1
BRDA:0,47,1,1
BRDA:265,47,2,1
BRDA:272,48,0,1
BRDA:287,48,1,1
BRDA:271,49,0,1
BRDA:274,49,1,1
BRDA:283,50,0,1
BRDA:285,50,1,1
BRDA:0,51,0,1
BRDA:293,51,1,1
BRDA:294,52,0,1
BRDA:296,52,1,1
BRDA:0,53,0,1
BRDA:300,53,1,1
BRDA:310,53,2,1
BRDA:299,54,0,1
BRDA:301,54,1,1
BRDA:304,55,0,1
BRDA:306,55,1,1
BRDA:315,56,0,1
BRDA:319,56,1,1
BRDA:314,57,0,1
BRDA:316,57,1,1
BRDA:325,58,0,1
BRDA:327,58,1,1
BRDA:334,59,0,1
BRDA:338,59,1,1
BRDA:0,60,0,1
BRDA:341,60,1,1
BRDA:0,61,0,1
BRDA:352,61,1,1
BRDA:351,62,0,1
BRDA:353,62,1,1
BRDA:352,63,0,1
BRDA:354,63,1,1
BRDA:0,64,0,1
BRDA:358,64,1,1
BRDA:357,65,0,1
BRDA:359,65,1,1
BRDA:0,66,0,1
BRDA:364,66,1,1
BRDA:367,67,0,1
BRDA:369,67,1,1
BRDA:372,68,0,1
BRDA:379,68,1,1
BRDA:375,69,0,1
BRDA:377,69,1,1
BRDA:363,70,0,1
BRDA:380,70,1,1
BRDA:383,71,0,1
BRDA:385,71,1,1
BRDA:0,72,0,1
BRDA:389,72,1,1
BRF:148
BRH:146
end_of_record
TN:
SF:nrt_threads_utils\threads_pool_manager\threads_pool_manager_exceptions.py
DA:3,1,I+zuZS8rDoUHF+dLiuQ2Sw
DA:4,1,PdeqDqr4bOft68ON3+/7kg
LF:2
LH:2
BRF:0
BRH:0
end_of_record
